[report] Monitoring events
[report] Loading '/home/fmarques/sbugs/projects/configs/frama-c_report_rules.json'
[kernel] Parsing /home/fmarques/sbugs/projects/alunos/iaed_p1/32/proj1.c (with preprocessing)
/home/fmarques/sbugs/projects/alunos/iaed_p1/32/proj1.c:14: warning: "EXIT_FAILURE" redefined
   14 | #define EXIT_FAILURE -1
      | 
In file included from /home/fmarques/sbugs/projects/alunos/lib/allocators.h:5,
                 from /home/fmarques/sbugs/projects/alunos/iaed_p1/32/proj1.c:1:
/home/fmarques/.opam/4.14.0/share/frama-c/share/libc/stdlib.h:63: note: this is the location of the previous definition
   63 | #define EXIT_FAILURE 1
      | 
/home/fmarques/.opam/4.14.0/share/frama-c/share/libc/strings.h:61: warning: "EXIT_FAILURE" redefined
   61 | __POP_FC_STDLIB
      | 
/home/fmarques/.opam/4.14.0/share/frama-c/share/libc/__fc_alloc_axiomatic.h:47: note: this is the location of the previous definition
   47 | __POP_FC_STDLIB
      | 
[kernel:parser:decimal-float] /home/fmarques/sbugs/projects/alunos/lib/allocators.h:10: 
  Floating-point constant 0.10 is not represented exactly. Will use 0x1.999999999999ap-4.
[kernel:parser:decimal-float] /home/fmarques/sbugs/projects/alunos/lib/allocators.h:17: 
  Floating-point constant 0.10 is not represented exactly. Will use 0x1.999999999999ap-4.
[kernel:parser:decimal-float] /home/fmarques/sbugs/projects/alunos/lib/allocators.h:24: 
  Floating-point constant 0.10 is not represented exactly. Will use 0x1.999999999999ap-4.
[eva] Analyzing a complete application starting at main
[eva] Computing initial state
[eva] Initial state computed
[eva:initial-state] Values of globals at initialization
  produtos[0..9999] ∈ {0}
  encomendas[0..499][0..9999] ∈ {0}
[eva] using specification for function getchar
[eva] using specification for function scanf_va_1
[eva] /home/fmarques/sbugs/projects/alunos/iaed_p1/32/proj1.c:123: 
  starting to merge loop iterations
[eva] using specification for function printf_va_1
[eva] using specification for function scanf_va_2
[eva] using specification for function printf_va_2
[eva:alarm] /home/fmarques/sbugs/projects/alunos/iaed_p1/32/proj1.c:139: 
  accessing out of bounds index. assert 0 ≤ idp;
[kernel] /home/fmarques/sbugs/projects/alunos/iaed_p1/32/proj1.c:139: 
  all target addresses were invalid. This path is assumed to be dead.
[eva] using specification for function printf_va_3
[eva] using specification for function scanf_va_3
[eva] using specification for function printf_va_4
[eva] using specification for function printf_va_5
[eva:alarm] /home/fmarques/sbugs/projects/alunos/iaed_p1/32/proj1.c:176: 
  accessing out of bounds index. assert 0 ≤ idp;
[eva] using specification for function scanf_va_4
[eva] using specification for function printf_va_8
[eva:alarm] /home/fmarques/sbugs/projects/alunos/iaed_p1/32/proj1.c:202: 
  accessing out of bounds index. assert 0 ≤ idp;
[eva] using specification for function scanf_va_5
[eva] using specification for function printf_va_10
[eva] using specification for function printf_va_11
[eva:alarm] /home/fmarques/sbugs/projects/alunos/iaed_p1/32/proj1.c:227: 
  accessing out of bounds index. assert 0 ≤ idp;
[kernel] /home/fmarques/sbugs/projects/alunos/iaed_p1/32/proj1.c:227: 
  all target addresses were invalid. This path is assumed to be dead.
[eva] using specification for function scanf_va_6
[eva] using specification for function printf_va_12
[eva] using specification for function printf_va_13
[eva] using specification for function scanf_va_7
[eva] using specification for function printf_va_14
[eva:alarm] /home/fmarques/sbugs/projects/alunos/iaed_p1/32/proj1.c:258: 
  accessing out of bounds index. assert 0 ≤ idp;
[kernel] /home/fmarques/sbugs/projects/alunos/iaed_p1/32/proj1.c:258: 
  all target addresses were invalid. This path is assumed to be dead.
[eva] using specification for function scanf_va_8
[eva] using specification for function printf_va_15
[eva] using specification for function printf_va_16
[eva:alarm] /home/fmarques/sbugs/projects/alunos/iaed_p1/32/proj1.c:278: 
  accessing out of bounds index. assert 0 ≤ idp;
[eva] using specification for function scanf_va_9
[eva] using specification for function printf_va_18
[eva] using specification for function printf_va_20
[eva] using specification for function scanf_va_10
[eva] using specification for function printf_va_22
[eva] using specification for function printf_va_23
[eva] /home/fmarques/sbugs/projects/alunos/iaed_p1/32/proj1.c:63: 
  starting to merge loop iterations
[eva:alarm] /home/fmarques/sbugs/projects/alunos/iaed_p1/32/proj1.c:139: 
  signed overflow.
  assert -2147483648 ≤ produtos[idp].quantidade + quantidade;
[eva:alarm] /home/fmarques/sbugs/projects/alunos/iaed_p1/32/proj1.c:139: 
  signed overflow. assert produtos[idp].quantidade + quantidade ≤ 2147483647;
[eva] using specification for function printf_va_6
[eva:alarm] /home/fmarques/sbugs/projects/alunos/iaed_p1/32/proj1.c:154: 
  accessing out of bounds index. assert 0 ≤ ide;
[eva] /home/fmarques/sbugs/projects/alunos/iaed_p1/32/proj1.c:153: 
  starting to merge loop iterations
[eva:alarm] /home/fmarques/sbugs/projects/alunos/iaed_p1/32/proj1.c:181: 
  signed overflow. assert -2147483648 ≤ quantidade * produtos[idp].peso;
[eva:alarm] /home/fmarques/sbugs/projects/alunos/iaed_p1/32/proj1.c:181: 
  signed overflow. assert quantidade * produtos[idp].peso ≤ 2147483647;
[eva] using specification for function printf_va_7
[eva:alarm] /home/fmarques/sbugs/projects/alunos/iaed_p1/32/proj1.c:186: 
  accessing out of bounds index. assert 0 ≤ ide;
[eva:alarm] /home/fmarques/sbugs/projects/alunos/iaed_p1/32/proj1.c:187: 
  signed overflow.
  assert -2147483648 ≤ produtos[idp].quantidade - quantidade;
[eva:alarm] /home/fmarques/sbugs/projects/alunos/iaed_p1/32/proj1.c:187: 
  signed overflow. assert produtos[idp].quantidade - quantidade ≤ 2147483647;
[eva] using specification for function printf_va_9
[eva:alarm] /home/fmarques/sbugs/projects/alunos/iaed_p1/32/proj1.c:207: 
  signed overflow.
  assert -2147483648 ≤ produtos[idp].quantidade - quantidade;
[eva:alarm] /home/fmarques/sbugs/projects/alunos/iaed_p1/32/proj1.c:207: 
  signed overflow. assert produtos[idp].quantidade - quantidade ≤ 2147483647;
[eva:alarm] /home/fmarques/sbugs/projects/alunos/iaed_p1/32/proj1.c:227: 
  accessing out of bounds index. assert 0 ≤ ide;
[eva:alarm] /home/fmarques/sbugs/projects/alunos/iaed_p1/32/proj1.c:243: 
  accessing out of bounds index. assert 0 ≤ ide;
[eva] /home/fmarques/sbugs/projects/alunos/iaed_p1/32/proj1.c:242: 
  starting to merge loop iterations
[eva:alarm] /home/fmarques/sbugs/projects/alunos/iaed_p1/32/proj1.c:278: 
  accessing out of bounds index. assert 0 ≤ ide;
[eva] using specification for function printf_va_17
[eva:alarm] /home/fmarques/sbugs/projects/alunos/iaed_p1/32/proj1.c:300: 
  accessing out of bounds index. assert 0 ≤ idp;
[eva] /home/fmarques/sbugs/projects/alunos/iaed_p1/32/proj1.c:371: 
  starting to merge loop iterations
[eva:alarm] /home/fmarques/sbugs/projects/alunos/iaed_p1/32/proj1.c:379: 
  accessing uninitialized left-value.
  assert \initialized(&produtos_aux[i].quantidade);
[eva:alarm] /home/fmarques/sbugs/projects/alunos/iaed_p1/32/proj1.c:379: 
  accessing uninitialized left-value.
  assert \initialized(&produtos_aux[i].preco);
[eva] using specification for function printf_va_21
[eva:alarm] /home/fmarques/sbugs/projects/alunos/iaed_p1/32/proj1.c:379: 
  function printf_va_21: precondition valid_read_string(param0) got status unknown.
[eva] /home/fmarques/sbugs/projects/alunos/iaed_p1/32/proj1.c:378: 
  starting to merge loop iterations
[eva:alarm] /home/fmarques/sbugs/projects/alunos/iaed_p1/32/proj1.c:440: 
  accessing out of bounds index. assert 0 ≤ ide;
[eva] /home/fmarques/sbugs/projects/alunos/iaed_p1/32/proj1.c:438: 
  starting to merge loop iterations
[eva:alarm] /home/fmarques/sbugs/projects/alunos/iaed_p1/32/proj1.c:154: 
  signed overflow.
  assert -2147483648 ≤ encomendas[ide][idp] * produtos[idp].peso;
[eva:alarm] /home/fmarques/sbugs/projects/alunos/iaed_p1/32/proj1.c:154: 
  signed overflow.
  assert encomendas[ide][idp] * produtos[idp].peso ≤ 2147483647;
[eva:alarm] /home/fmarques/sbugs/projects/alunos/iaed_p1/32/proj1.c:154: 
  signed overflow.
  assert
  -2147483648 ≤ peso + (int)(encomendas[ide][idp] * produtos[idp].peso);
[eva:alarm] /home/fmarques/sbugs/projects/alunos/iaed_p1/32/proj1.c:154: 
  signed overflow.
  assert
  peso + (int)(encomendas[ide][idp] * produtos[idp].peso) ≤ 2147483647;
[eva:alarm] /home/fmarques/sbugs/projects/alunos/iaed_p1/32/proj1.c:181: 
  signed overflow.
  assert -2147483648 ≤ tmp + (int)(quantidade * produtos[idp].peso);
  (tmp from encomenda_peso(ide, numero_de_produtos))
[eva:alarm] /home/fmarques/sbugs/projects/alunos/iaed_p1/32/proj1.c:181: 
  signed overflow.
  assert tmp + (int)(quantidade * produtos[idp].peso) ≤ 2147483647;
  (tmp from encomenda_peso(ide, numero_de_produtos))
[eva:alarm] /home/fmarques/sbugs/projects/alunos/iaed_p1/32/proj1.c:186: 
  signed overflow. assert -2147483648 ≤ encomendas[ide][idp] + quantidade;
[eva:alarm] /home/fmarques/sbugs/projects/alunos/iaed_p1/32/proj1.c:186: 
  signed overflow. assert encomendas[ide][idp] + quantidade ≤ 2147483647;
[eva:alarm] /home/fmarques/sbugs/projects/alunos/iaed_p1/32/proj1.c:227: 
  signed overflow.
  assert -2147483648 ≤ produtos[idp].quantidade + encomendas[ide][idp];
[eva:alarm] /home/fmarques/sbugs/projects/alunos/iaed_p1/32/proj1.c:227: 
  signed overflow.
  assert produtos[idp].quantidade + encomendas[ide][idp] ≤ 2147483647;
[eva:alarm] /home/fmarques/sbugs/projects/alunos/iaed_p1/32/proj1.c:243: 
  signed overflow.
  assert -2147483648 ≤ encomendas[ide][idp] * produtos[idp].preco;
[eva:alarm] /home/fmarques/sbugs/projects/alunos/iaed_p1/32/proj1.c:243: 
  signed overflow.
  assert encomendas[ide][idp] * produtos[idp].preco ≤ 2147483647;
[eva:alarm] /home/fmarques/sbugs/projects/alunos/iaed_p1/32/proj1.c:243: 
  signed overflow.
  assert
  -2147483648 ≤ total + (int)(encomendas[ide][idp] * produtos[idp].preco);
[eva:alarm] /home/fmarques/sbugs/projects/alunos/iaed_p1/32/proj1.c:243: 
  signed overflow.
  assert
  total + (int)(encomendas[ide][idp] * produtos[idp].preco) ≤ 2147483647;
[eva:alarm] /home/fmarques/sbugs/projects/alunos/iaed_p1/32/proj1.c:297: 
  accessing out of bounds index. assert 0 ≤ idp;
[eva] /home/fmarques/sbugs/projects/alunos/iaed_p1/32/proj1.c:296: 
  starting to merge loop iterations
[eva] using specification for function printf_va_19
[eva:recursion] /home/fmarques/sbugs/projects/alunos/iaed_p1/32/proj1.c:358: 
  detected recursive call of function mergesort_por_preco.
[eva] /home/fmarques/sbugs/projects/alunos/iaed_p1/32/proj1.c:358: User Error: 
  Recursive call to mergesort_por_preco without assigns clause.
  Generating probably incomplete assigns to interpret the call. Try to increase
  the -eva-unroll-recursive-calls parameter or write a correct specification
  for function mergesort_por_preco.
[kernel:annot:missing-spec] /home/fmarques/sbugs/projects/alunos/iaed_p1/32/proj1.c:352: 
  Neither code nor specification for function mergesort_por_preco, generating default assigns from the prototype
[eva] using specification for function mergesort_por_preco
[eva:recursion] /home/fmarques/sbugs/projects/alunos/iaed_p1/32/proj1.c:359: 
  detected recursive call of function mergesort_por_preco.
[eva] /home/fmarques/sbugs/projects/alunos/iaed_p1/32/proj1.c:359: 
  Using specification of function mergesort_por_preco for recursive calls.
  Analysis of function mergesort_por_preco is thus incomplete and its soundness
  relies on the written specification.
[eva] /home/fmarques/sbugs/projects/alunos/iaed_p1/32/proj1.c:315: 
  starting to merge loop iterations
[eva] /home/fmarques/sbugs/projects/alunos/iaed_p1/32/proj1.c:317: 
  starting to merge loop iterations
[eva:alarm] /home/fmarques/sbugs/projects/alunos/iaed_p1/32/proj1.c:326: 
  accessing uninitialized left-value. assert \initialized(&L[i].preco);
[eva:alarm] /home/fmarques/sbugs/projects/alunos/iaed_p1/32/proj1.c:326: 
  accessing uninitialized left-value. assert \initialized(&R[j].preco);
[eva] /home/fmarques/sbugs/projects/alunos/iaed_p1/32/proj1.c:324: 
  starting to merge loop iterations
[eva:alarm] /home/fmarques/sbugs/projects/alunos/iaed_p1/32/proj1.c:327: 
  out of bounds write. assert \valid(produtos_0 + k);
[kernel] /home/fmarques/sbugs/projects/alunos/iaed_p1/32/proj1.c:327: 
  too many locations to update in array. Approximating.
[eva:alarm] /home/fmarques/sbugs/projects/alunos/iaed_p1/32/proj1.c:330: 
  out of bounds write. assert \valid(produtos_0 + k);
[kernel] /home/fmarques/sbugs/projects/alunos/iaed_p1/32/proj1.c:330: 
  too many locations to update in array. Approximating.
[eva:alarm] /home/fmarques/sbugs/projects/alunos/iaed_p1/32/proj1.c:338: 
  out of bounds write. assert \valid(produtos_0 + k);
[eva:alarm] /home/fmarques/sbugs/projects/alunos/iaed_p1/32/proj1.c:345: 
  out of bounds write. assert \valid(produtos_0 + k);
[kernel] /home/fmarques/sbugs/projects/alunos/iaed_p1/32/proj1.c:345: 
  too many locations to update in array. Approximating.
[eva] using specification for function strcpy
[eva] FRAMAC_SHARE/libc/string.h:373: 
  cannot evaluate ACSL term, unsupported ACSL construct: logic function strcmp
[kernel] /home/fmarques/sbugs/projects/alunos/iaed_p1/32/proj1.c:442: 
  more than 200(10000) locations to update in array. Approximating.
[kernel] /home/fmarques/sbugs/projects/alunos/iaed_p1/32/proj1.c:443: 
  more than 200(10000) locations to update in array. Approximating.
[eva:alarm] /home/fmarques/sbugs/projects/alunos/iaed_p1/32/proj1.c:441: 
  function strcpy: precondition 'room_string' got status unknown.
[eva:alarm] /home/fmarques/sbugs/projects/alunos/iaed_p1/32/proj1.c:442: 
  accessing out of bounds index. assert numero_de_produtos_aux < 10000;
[eva:alarm] /home/fmarques/sbugs/projects/alunos/iaed_p1/32/proj1.c:395: 
  function strcpy: precondition 'valid_string_src' got status unknown.
[eva:alarm] /home/fmarques/sbugs/projects/alunos/iaed_p1/32/proj1.c:395: 
  function strcpy: precondition 'room_string' got status unknown.
[eva] using specification for function strcmp
[eva:alarm] /home/fmarques/sbugs/projects/alunos/iaed_p1/32/proj1.c:399: 
  function strcmp: precondition 'valid_string_s1' got status unknown.
[eva:alarm] /home/fmarques/sbugs/projects/alunos/iaed_p1/32/proj1.c:399: 
  function strcmp: precondition 'valid_string_s2' got status unknown.
[eva] FRAMAC_SHARE/libc/string.h:156: 
  cannot evaluate ACSL term, unsupported ACSL construct: logic function strcmp
[eva] /home/fmarques/sbugs/projects/alunos/iaed_p1/32/proj1.c:399: 
  starting to merge loop iterations
[eva:alarm] /home/fmarques/sbugs/projects/alunos/iaed_p1/32/proj1.c:399: 
  signed overflow. assert i + 1 ≤ 2147483647;
[eva:alarm] /home/fmarques/sbugs/projects/alunos/iaed_p1/32/proj1.c:401: 
  function strcmp: precondition 'valid_string_s1' got status unknown.
[eva:alarm] /home/fmarques/sbugs/projects/alunos/iaed_p1/32/proj1.c:401: 
  function strcmp: precondition 'valid_string_s2' got status unknown.
[eva] /home/fmarques/sbugs/projects/alunos/iaed_p1/32/proj1.c:397: 
  starting to merge loop iterations
[eva] /home/fmarques/sbugs/projects/alunos/iaed_p1/32/proj1.c:401: 
  starting to merge loop iterations
[eva:alarm] /home/fmarques/sbugs/projects/alunos/iaed_p1/32/proj1.c:401: 
  signed overflow. assert -2147483648 ≤ j - 1;
[eva:alarm] /home/fmarques/sbugs/projects/alunos/iaed_p1/32/proj1.c:385: 
  out of bounds read. assert \valid_read(produtos_0 + i);
[eva:recursion] /home/fmarques/sbugs/projects/alunos/iaed_p1/32/proj1.c:422: 
  detected recursive call of function quicksort_por_alf.
[eva] /home/fmarques/sbugs/projects/alunos/iaed_p1/32/proj1.c:422: User Error: 
  Recursive call to quicksort_por_alf without assigns clause.
  Generating probably incomplete assigns to interpret the call. Try to increase
  the -eva-unroll-recursive-calls parameter or write a correct specification
  for function quicksort_por_alf.
[kernel:annot:missing-spec] /home/fmarques/sbugs/projects/alunos/iaed_p1/32/proj1.c:414: 
  Neither code nor specification for function quicksort_por_alf, generating default assigns from the prototype
[eva] using specification for function quicksort_por_alf
[eva:recursion] /home/fmarques/sbugs/projects/alunos/iaed_p1/32/proj1.c:423: 
  detected recursive call of function quicksort_por_alf.
[eva] /home/fmarques/sbugs/projects/alunos/iaed_p1/32/proj1.c:423: 
  Using specification of function quicksort_por_alf for recursive calls.
  Analysis of function quicksort_por_alf is thus incomplete and its soundness
  relies on the written specification.
[eva:alarm] /home/fmarques/sbugs/projects/alunos/iaed_p1/32/proj1.c:453: 
  accessing uninitialized left-value.
  assert \initialized(&produtos_aux[i].quantidade);
[eva:alarm] /home/fmarques/sbugs/projects/alunos/iaed_p1/32/proj1.c:453: 
  accessing uninitialized left-value.
  assert \initialized(&produtos_aux[i].preco);
[eva] using specification for function printf_va_24
[eva:alarm] /home/fmarques/sbugs/projects/alunos/iaed_p1/32/proj1.c:453: 
  function printf_va_24: precondition valid_read_string(param0) got status unknown.
[eva] /home/fmarques/sbugs/projects/alunos/iaed_p1/32/proj1.c:452: 
  starting to merge loop iterations
[kernel] /home/fmarques/sbugs/projects/alunos/iaed_p1/32/proj1.c:453: 
  more than 200(10000) elements to enumerate. Approximating.
[kernel] /home/fmarques/sbugs/projects/alunos/iaed_p1/32/proj1.c:120: 
  more than 200(10000) elements to enumerate. Approximating.
[eva:alarm] /home/fmarques/sbugs/projects/alunos/iaed_p1/32/proj1.c:120: 
  function scanf_va_1: precondition \valid(param0) got status unknown.
[eva:alarm] /home/fmarques/sbugs/projects/alunos/iaed_p1/32/proj1.c:120: 
  function scanf_va_1: precondition \valid(param1) got status unknown.
[eva:alarm] /home/fmarques/sbugs/projects/alunos/iaed_p1/32/proj1.c:120: 
  function scanf_va_1: precondition \valid(param2) got status unknown.
[eva:alarm] /home/fmarques/sbugs/projects/alunos/iaed_p1/32/proj1.c:120: 
  function scanf_va_1: precondition \valid(param3) got status unknown.
[kernel] /home/fmarques/sbugs/projects/alunos/iaed_p1/32/proj1.c:120: 
  more than 200(10000) locations to update in array. Approximating.
[eva:alarm] /home/fmarques/sbugs/projects/alunos/iaed_p1/32/proj1.c:123: 
  accessing out of bounds index. assert idp < 10000;
[kernel] /home/fmarques/sbugs/projects/alunos/iaed_p1/32/proj1.c:124: 
  more than 200(10000) locations to update in array. Approximating.
[eva:alarm] /home/fmarques/sbugs/projects/alunos/iaed_p1/32/proj1.c:124: 
  accessing out of bounds index. assert (int)(i + 1) < 63;
[eva:alarm] /home/fmarques/sbugs/projects/alunos/iaed_p1/32/proj1.c:139: 
  accessing out of bounds index. assert idp < 10000;
[kernel] /home/fmarques/sbugs/projects/alunos/iaed_p1/32/proj1.c:139: 
  more than 200(10000) locations to update in array. Approximating.
[eva:alarm] /home/fmarques/sbugs/projects/alunos/iaed_p1/32/proj1.c:77: 
  signed overflow. assert ide + 1 ≤ 2147483647;
[eva:alarm] /home/fmarques/sbugs/projects/alunos/iaed_p1/32/proj1.c:176: 
  accessing out of bounds index. assert idp < 10000;
[eva:alarm] /home/fmarques/sbugs/projects/alunos/iaed_p1/32/proj1.c:154: 
  accessing out of bounds index. assert ide < 500;
[eva:alarm] /home/fmarques/sbugs/projects/alunos/iaed_p1/32/proj1.c:154: 
  accessing out of bounds index. assert idp < 10000;
[eva:alarm] /home/fmarques/sbugs/projects/alunos/iaed_p1/32/proj1.c:186: 
  accessing out of bounds index. assert ide < 500;
[kernel] /home/fmarques/sbugs/projects/alunos/iaed_p1/32/proj1.c:187: 
  more than 200(10000) locations to update in array. Approximating.
[eva:alarm] /home/fmarques/sbugs/projects/alunos/iaed_p1/32/proj1.c:202: 
  accessing out of bounds index. assert idp < 10000;
[kernel] /home/fmarques/sbugs/projects/alunos/iaed_p1/32/proj1.c:207: 
  more than 200(10000) locations to update in array. Approximating.
[eva:alarm] /home/fmarques/sbugs/projects/alunos/iaed_p1/32/proj1.c:227: 
  accessing out of bounds index. assert idp < 10000;
[eva:alarm] /home/fmarques/sbugs/projects/alunos/iaed_p1/32/proj1.c:227: 
  accessing out of bounds index. assert ide < 500;
[kernel] /home/fmarques/sbugs/projects/alunos/iaed_p1/32/proj1.c:227: 
  more than 200(10000) locations to update in array. Approximating.
[eva:alarm] /home/fmarques/sbugs/projects/alunos/iaed_p1/32/proj1.c:243: 
  accessing out of bounds index. assert ide < 500;
[eva:alarm] /home/fmarques/sbugs/projects/alunos/iaed_p1/32/proj1.c:243: 
  accessing out of bounds index. assert idp < 10000;
[eva:alarm] /home/fmarques/sbugs/projects/alunos/iaed_p1/32/proj1.c:258: 
  accessing out of bounds index. assert idp < 10000;
[kernel] /home/fmarques/sbugs/projects/alunos/iaed_p1/32/proj1.c:258: 
  more than 200(10000) locations to update in array. Approximating.
[eva:alarm] /home/fmarques/sbugs/projects/alunos/iaed_p1/32/proj1.c:278: 
  accessing out of bounds index. assert ide < 500;
[eva:alarm] /home/fmarques/sbugs/projects/alunos/iaed_p1/32/proj1.c:278: 
  accessing out of bounds index. assert idp < 10000;
[eva:alarm] /home/fmarques/sbugs/projects/alunos/iaed_p1/32/proj1.c:297: 
  accessing out of bounds index. assert idp < 10000;
[eva:alarm] /home/fmarques/sbugs/projects/alunos/iaed_p1/32/proj1.c:297: 
  accessing out of bounds index. assert ide < 500;
[eva:alarm] /home/fmarques/sbugs/projects/alunos/iaed_p1/32/proj1.c:300: 
  accessing out of bounds index. assert idp < 10000;
[kernel] /home/fmarques/sbugs/projects/alunos/iaed_p1/32/proj1.c:372: 
  too many locations to update in array. Approximating.
[eva:alarm] /home/fmarques/sbugs/projects/alunos/iaed_p1/32/proj1.c:372: 
  accessing out of bounds index. assert i < 10000;
[eva] /home/fmarques/sbugs/projects/alunos/iaed_p1/32/proj1.c:358: 
  Using specification of function mergesort_por_preco for recursive calls.
  Analysis of function mergesort_por_preco is thus incomplete and its soundness
  relies on the written specification.
[eva:alarm] /home/fmarques/sbugs/projects/alunos/iaed_p1/32/proj1.c:318: 
  out of bounds read. assert \valid_read(produtos_0 + (int)((int)(m + 1) + j));
[kernel] /home/fmarques/sbugs/projects/alunos/iaed_p1/32/proj1.c:326: 
  more than 200(9999) elements to enumerate. Approximating.
[kernel] /home/fmarques/sbugs/projects/alunos/iaed_p1/32/proj1.c:326: 
  more than 200(5000) elements to enumerate. Approximating.
[eva:alarm] /home/fmarques/sbugs/projects/alunos/iaed_p1/32/proj1.c:440: 
  accessing out of bounds index. assert ide < 500;
[kernel] /home/fmarques/sbugs/projects/alunos/iaed_p1/32/proj1.c:441: 
  more than 200(9999) elements to enumerate. Approximating.
[eva:alarm] /home/fmarques/sbugs/projects/alunos/iaed_p1/32/proj1.c:440: 
  accessing out of bounds index. assert i < 10000;
[kernel] /home/fmarques/sbugs/projects/alunos/iaed_p1/32/proj1.c:441: 
  more than 200(10000) locations to update in array. Approximating.
[eva] /home/fmarques/sbugs/projects/alunos/iaed_p1/32/proj1.c:422: 
  Using specification of function quicksort_por_alf for recursive calls.
  Analysis of function quicksort_por_alf is thus incomplete and its soundness
  relies on the written specification.
[eva:alarm] /home/fmarques/sbugs/projects/alunos/iaed_p1/32/proj1.c:278: 
  function printf_va_17: precondition valid_read_string(param0) got status unknown.
[eva:alarm] /home/fmarques/sbugs/projects/alunos/iaed_p1/32/proj1.c:441: 
  function strcpy: precondition 'valid_string_src' got status unknown.
[eva] done for function main
[kernel] /home/fmarques/sbugs/projects/alunos/iaed_p1/32/proj1.c:181: 
  more than 200(10000) elements to enumerate. Approximating.
[eva] ====== VALUES COMPUTED ======
[eva:final-states] Values at end of function encomenda_peso:
  idp ∈ [0..10000]
  peso ∈ [--..--]
[eva:final-states] Values at end of function exch:
  aux ∈ [--..--] or UNINITIALIZED
  produtos_aux[0..9999] ∈ [--..--] or UNINITIALIZED
[eva:final-states] Values at end of function merge_por_preco:
  i ∈ [1..9999]
  j ∈ [0..9999]
  k ∈ [0..2147483647]
  n1 ∈ [1..5000]
  n2 ∈ [-4998..9999]
  L[0..4999] ∈ [--..--] or UNINITIALIZED
   [5000..9999] ∈ UNINITIALIZED
  R[0..9998] ∈ [--..--] or UNINITIALIZED
   [9999] ∈ UNINITIALIZED
  produtos_aux[0..9999] ∈ [--..--] or UNINITIALIZED
[eva:final-states] Values at end of function nova_encomenda:
  S___fc_stdout[0..1] ∈ [--..--]
[eva:final-states] Values at end of function novo_produto:
  produtos[0..9999] ∈ [--..--]
  i ∈ [0..62]
  S___fc_stdin[0..1] ∈ [--..--]
  S___fc_stdout[0..1] ∈ [--..--]
[eva:final-states] Values at end of function adiciona_stock_produto:
  produtos[0..9999] ∈ [--..--]
  idp ∈ [0..2147483647]
  quantidade ∈ [--..--]
  S ∈ [--..--]
  S___fc_stdin[0..1] ∈ [--..--]
  S___fc_stdout[0..1] ∈ [--..--]
[eva:final-states] Values at end of function adiciona_produto_a_encomenda:
  produtos[0..9999] ∈ [--..--]
  encomendas[0..499][0..9999] ∈ [--..--]
  ide ∈ [--..--]
  idp ∈ [--..--]
  quantidade ∈ [--..--]
  S ∈ [--..--]
  S___fc_stdin[0..1] ∈ [--..--]
  S___fc_stdout[0..1] ∈ [--..--]
[eva:final-states] Values at end of function remove_stock_produto:
  produtos[0..9999] ∈ [--..--]
  idp ∈ [0..2147483647]
  quantidade ∈ [--..--]
  S ∈ [--..--]
  S___fc_stdin[0..1] ∈ [--..--]
  S___fc_stdout[0..1] ∈ [--..--]
[eva:final-states] Values at end of function remove_produto_encomenda:
  produtos[0..9999] ∈ [--..--]
  encomendas[0..499][0..9999] ∈ [--..--]
  idp ∈ [--..--]
  ide ∈ [--..--]
  S ∈ [--..--]
  S___fc_stdin[0..1] ∈ [--..--]
  S___fc_stdout[0..1] ∈ [--..--]
[eva:final-states] Values at end of function custo_encomenda:
  idp ∈ [0..10000] or UNINITIALIZED
  ide ∈ [--..--]
  total ∈ [--..--]
  S___fc_stdin[0..1] ∈ [--..--]
  S___fc_stdout[0..1] ∈ [--..--]
[eva:final-states] Values at end of function altera_preco:
  produtos[0..9999] ∈ [--..--]
  idp ∈ [0..2147483647]
  preco ∈ [--..--]
  S ∈ [--..--]
  S___fc_stdin[0..1] ∈ [--..--]
  S___fc_stdout[0..1] ∈ [--..--]
[eva:final-states] Values at end of function lista_produto_numa_encomenda:
  idp ∈ [--..--]
  ide ∈ [--..--]
  S ∈ [--..--]
  S___fc_stdin[0..1] ∈ [--..--]
  S___fc_stdout[0..1] ∈ [--..--]
[eva:final-states] Values at end of function maximo_produto_numa_encomenda:
  idp ∈ [--..--]
  S___fc_stdin[0..1] ∈ [--..--]
  S___fc_stdout[0..1] ∈ [--..--]
[eva:final-states] Values at end of function partition_por_alf:
  i ∈ [0..9999]
  j ∈ [-2147483648..9999]
  v[0..62] ∈ [--..--] or UNINITIALIZED
  produtos_aux[0..9999] ∈ [--..--] or UNINITIALIZED
[eva:final-states] Values at end of function lista_por_alf:
  produtos_aux[0..9999] ∈ [--..--] or UNINITIALIZED
  ide ∈ [--..--]
  i ∈ [0..10000] or UNINITIALIZED
  numero_de_produtos_aux ∈ [0..10000]
  S___fc_stdin[0..1] ∈ [--..--]
  S___fc_stdout[0..1] ∈ [--..--]
[eva:final-states] Values at end of function lista_por_preco:
  produtos_aux[0..9999] ∈ [--..--] or UNINITIALIZED
  i ∈ [0..10000]
  S___fc_stdout[0..1] ∈ [--..--]
[eva:final-states] Values at end of function main:
  produtos[0..9999] ∈ [--..--]
  encomendas[0..499][0..9999] ∈ [--..--]
  idp ∈ [0..2147483647]
  ide ∈ [0..2147483647]
  comando ∈ {120}
  __retres ∈ {0}
  S___fc_stdin[0..1] ∈ [--..--]
  S___fc_stdout[0..1] ∈ [--..--]
[eva:final-states] Values at end of function mergesort_por_preco:
  produtos_aux[0..9999] ∈ [--..--] or UNINITIALIZED
[eva:final-states] Values at end of function quicksort_por_alf:
  i ∈ [0..9999] or UNINITIALIZED
  produtos_aux[0..9999] ∈ [--..--] or UNINITIALIZED
[eva:summary] ====== ANALYSIS SUMMARY ======
  ----------------------------------------------------------------------------
  19 functions analyzed (out of 22): 86% coverage.
  In these functions, 283 statements reached (out of 285): 99% coverage.
  ----------------------------------------------------------------------------
  Some errors and warnings have been raised during the analysis:
    by the Eva analyzer:      2 errors    0 warnings
    by the Frama-C kernel:    0 errors    0 warnings
  ----------------------------------------------------------------------------
  73 alarms generated by the analysis:
      36 accesses out of bounds index
      25 integer overflows
       6 invalid memory accesses
       6 accesses to uninitialized left-values
  ----------------------------------------------------------------------------
  Evaluation of the logical properties reached by the analysis:
    Assertions        0 valid     0 unknown     0 invalid      0 total
    Preconditions    59 valid    15 unknown     0 invalid     74 total
  79% of the logical properties reached have been proven.
  ----------------------------------------------------------------------------
[eva] User Error: Deferred error message was emitted during execution. See above messages for more information.
[kernel] Plug-in eva aborted: invalid user input.
